<?xml version="1.0" encoding="UTF-8"?>
<!-- Generated by org.testng.reporters.JUnitXMLReporter -->
<testsuite ignored="4" hostname="LAPTOP-LFU0PBV8" failures="0" tests="1" name="Default test" time="3.063" errors="0" timestamp="2022-05-21T10:31:16 EDT">
  <testcase classname="com.salesforce.tests.SalesforceLogin" name="userLoginClickForgetPassword" time="0.86"/>
  <testcase classname="com.salesforce.tests.SalesforceLogin" name="userLoginCheckRememberMe" time="0.0">
    <ignored/>
  </testcase> <!-- userLoginCheckRememberMe -->
  <testcase classname="com.salesforce.tests.SalesforceLogin" name="userLoginCorrectUsernameAndPassword" time="0.0">
    <ignored/>
  </testcase> <!-- userLoginCorrectUsernameAndPassword -->
  <testcase classname="com.salesforce.tests.SalesforceLogin" name="userLoginWrongUserAndPassword" time="0.0">
    <ignored/>
  </testcase> <!-- userLoginWrongUserAndPassword -->
  <testcase classname="com.salesforce.tests.SalesforceLogin" name="userLoginClearPassword" time="0.0">
    <ignored/>
  </testcase> <!-- userLoginClearPassword -->
</testsuite> <!-- Default test -->
